<?xml version="1.0"?><coverage lines-covered="133" lines-valid="178" line-rate="0.7471910112359551" branches-covered="0" branches-valid="0" branch-rate="0" complexity="0" version="1.9" timestamp="1773848442"><sources><source>/home/runner/work/whichdisk/whichdisk</source></sources><packages><package name="src" line-rate="0.7471910112359551" branch-rate="0" complexity="0"><classes><class name="lib" filename="src/lib.rs" line-rate="0.8775510204081632" branch-rate="0" complexity="0"><methods/><lines><line number="40" hits="5"/><line number="47" hits="4"/><line number="66" hits="2"/><line number="67" hits="5"/><line number="68" hits="4"/><line number="69" hits="2"/><line number="75" hits="2"/><line number="80" hits="4"/><line number="81" hits="4"/><line number="82" hits="4"/><line number="83" hits="3"/><line number="89" hits="2"/><line number="91" hits="3"/><line number="96" hits="3"/><line number="98" hits="4"/><line number="119" hits="0"/><line number="127" hits="0"/><line number="129" hits="3"/><line number="130" hits="3"/><line number="136" hits="0"/><line number="138" hits="2"/><line number="139" hits="2"/><line number="143" hits="0"/><line number="145" hits="2"/><line number="146" hits="2"/><line number="147" hits="3"/><line number="148" hits="2"/><line number="149" hits="2"/><line number="154" hits="0"/><line number="156" hits="6"/><line number="157" hits="4"/><line number="158" hits="5"/><line number="159" hits="4"/><line number="160" hits="4"/><line number="171" hits="0"/><line number="174" hits="2"/><line number="175" hits="2"/><line number="180" hits="2"/><line number="181" hits="2"/><line number="186" hits="2"/><line number="187" hits="2"/><line number="191" hits="2"/><line number="192" hits="6"/><line number="193" hits="5"/><line number="194" hits="2"/><line number="195" hits="2"/><line number="196" hits="2"/><line number="204" hits="8"/><line number="205" hits="29"/></lines></class><class name="linux" filename="src/linux.rs" line-rate="0.6976744186046512" branch-rate="0" complexity="0"><methods/><lines><line number="20" hits="4"/><line number="33" hits="2"/><line number="34" hits="3"/><line number="38" hits="2"/><line number="39" hits="2"/><line number="43" hits="2"/><line number="44" hits="2"/><line number="45" hits="2"/><line number="50" hits="4"/><line number="51" hits="4"/><line number="52" hits="8"/><line number="53" hits="4"/><line number="57" hits="8"/><line number="58" hits="4"/><line number="59" hits="4"/><line number="60" hits="9"/><line number="63" hits="13"/><line number="64" hits="2"/><line number="66" hits="7"/><line number="67" hits="4"/><line number="68" hits="5"/><line number="69" hits="7"/><line number="70" hits="3"/><line number="71" hits="4"/><line number="72" hits="3"/><line number="76" hits="3"/><line number="79" hits="5"/><line number="80" hits="4"/><line number="82" hits="4"/><line number="84" hits="4"/><line number="85" hits="0"/><line number="86" hits="0"/><line number="87" hits="0"/><line number="88" hits="0"/><line number="90" hits="0"/><line number="93" hits="0"/><line number="96" hits="3"/><line number="97" hits="3"/><line number="98" hits="3"/><line number="99" hits="3"/><line number="100" hits="3"/><line number="105" hits="5"/><line number="106" hits="5"/><line number="108" hits="5"/><line number="109" hits="5"/><line number="110" hits="5"/><line number="113" hits="10"/><line number="114" hits="12"/><line number="115" hits="8"/><line number="116" hits="4"/><line number="118" hits="4"/><line number="119" hits="2"/><line number="121" hits="6"/><line number="125" hits="6"/><line number="127" hits="4"/><line number="128" hits="4"/><line number="134" hits="2"/><line number="135" hits="11"/><line number="136" hits="2"/><line number="137" hits="4"/><line number="138" hits="2"/><line number="143" hits="3"/><line number="151" hits="2"/><line number="152" hits="10"/><line number="154" hits="2"/><line number="155" hits="4"/><line number="156" hits="2"/><line number="157" hits="4"/><line number="158" hits="2"/><line number="161" hits="4"/><line number="162" hits="2"/><line number="163" hits="4"/><line number="166" hits="2"/><line number="167" hits="6"/><line number="168" hits="4"/><line number="169" hits="2"/><line number="173" hits="4"/><line number="174" hits="0"/><line number="177" hits="2"/><line number="178" hits="4"/><line number="180" hits="2"/><line number="185" hits="2"/><line number="186" hits="10"/><line number="187" hits="3"/><line number="188" hits="3"/><line number="189" hits="4"/><line number="194" hits="4"/><line number="195" hits="2"/><line number="196" hits="0"/><line number="198" hits="4"/><line number="199" hits="10"/><line number="200" hits="2"/><line number="201" hits="4"/><line number="202" hits="0"/><line number="204" hits="2"/><line number="206" hits="2"/><line number="211" hits="4"/><line number="213" hits="2"/><line number="214" hits="4"/><line number="219" hits="0"/><line number="220" hits="0"/><line number="221" hits="0"/><line number="222" hits="0"/><line number="223" hits="0"/><line number="224" hits="0"/><line number="225" hits="0"/><line number="226" hits="0"/><line number="227" hits="0"/><line number="228" hits="0"/><line number="229" hits="0"/><line number="230" hits="0"/><line number="231" hits="0"/><line number="235" hits="0"/><line number="236" hits="0"/><line number="237" hits="0"/><line number="241" hits="0"/><line number="244" hits="0"/><line number="245" hits="0"/><line number="246" hits="0"/><line number="247" hits="0"/><line number="248" hits="0"/><line number="249" hits="0"/><line number="250" hits="0"/><line number="251" hits="0"/><line number="252" hits="0"/><line number="253" hits="0"/><line number="257" hits="0"/><line number="258" hits="0"/><line number="260" hits="0"/></lines></class></classes></package><package name="examples" line-rate="0" branch-rate="0" complexity="0"><classes></classes></package><package name="" line-rate="0.7471910112359551" branch-rate="0" complexity="0"><classes></classes></package></packages></coverage>